[debug] [2023-02-03T13:38:23.403Z] ----------------------------------------------------------------------
[debug] [2023-02-03T13:38:23.405Z] Command:       C:\Program Files\nodejs\node.exe C:\Users\farha\AppData\Roaming\npm\node_modules\firebase-tools\lib\bin\firebase.js deploy
[debug] [2023-02-03T13:38:23.406Z] CLI Version:   11.16.1
[debug] [2023-02-03T13:38:23.406Z] Platform:      win32
[debug] [2023-02-03T13:38:23.406Z] Node Version:  v16.15.1
[debug] [2023-02-03T13:38:23.422Z] Time:          Fri Feb 03 2023 19:38:23 GMT+0600 (Bangladesh Standard Time)
[debug] [2023-02-03T13:38:23.422Z] ----------------------------------------------------------------------
[debug] 
[debug] [2023-02-03T13:38:23.426Z] >>> [apiv2][query] GET https://firebase-public.firebaseio.com/cli.json [none]
[debug] [2023-02-03T13:38:23.500Z] > command requires scopes: ["email","openid","https://www.googleapis.com/auth/cloudplatformprojects.readonly","https://www.googleapis.com/auth/firebase","https://www.googleapis.com/auth/cloud-platform"]
[debug] [2023-02-03T13:38:23.500Z] > authorizing via signed-in user (farhanchowdhury1999@gmail.com)
[debug] [2023-02-03T13:38:23.501Z] [iam] checking project craft-connect-8e9d6 for permissions ["firebase.projects.get","firebasehosting.sites.update"]
[debug] [2023-02-03T13:38:23.501Z] > refreshing access token with scopes: []
[debug] [2023-02-03T13:38:23.502Z] >>> [apiv2][query] POST https://www.googleapis.com/oauth2/v3/token [none]
[debug] [2023-02-03T13:38:23.502Z] >>> [apiv2][body] POST https://www.googleapis.com/oauth2/v3/token [omitted]
[debug] [2023-02-03T13:38:23.944Z] <<< [apiv2][status] POST https://www.googleapis.com/oauth2/v3/token 200
[debug] [2023-02-03T13:38:23.944Z] <<< [apiv2][body] POST https://www.googleapis.com/oauth2/v3/token [omitted]
[debug] [2023-02-03T13:38:23.974Z] >>> [apiv2][query] POST https://cloudresourcemanager.googleapis.com/v1/projects/craft-connect-8e9d6:testIamPermissions [none]
[debug] [2023-02-03T13:38:23.974Z] >>> [apiv2][(partial)header] POST https://cloudresourcemanager.googleapis.com/v1/projects/craft-connect-8e9d6:testIamPermissions x-goog-quota-user=projects/craft-connect-8e9d6
[debug] [2023-02-03T13:38:23.974Z] >>> [apiv2][body] POST https://cloudresourcemanager.googleapis.com/v1/projects/craft-connect-8e9d6:testIamPermissions {"permissions":["firebase.projects.get","firebasehosting.sites.update"]}
[debug] [2023-02-03T13:38:24.517Z] <<< [apiv2][status] GET https://firebase-public.firebaseio.com/cli.json 200
[debug] [2023-02-03T13:38:24.517Z] <<< [apiv2][body] GET https://firebase-public.firebaseio.com/cli.json {"cloudBuildErrorAfter":1594252800000,"cloudBuildWarnAfter":1590019200000,"defaultNode10After":1594252800000,"minVersion":"3.0.5","node8DeploysDisabledAfter":1613390400000,"node8RuntimeDisabledAfter":1615809600000,"node8WarnAfter":1600128000000}
[debug] [2023-02-03T13:38:26.011Z] <<< [apiv2][status] POST https://cloudresourcemanager.googleapis.com/v1/projects/craft-connect-8e9d6:testIamPermissions 200
[debug] [2023-02-03T13:38:26.011Z] <<< [apiv2][body] POST https://cloudresourcemanager.googleapis.com/v1/projects/craft-connect-8e9d6:testIamPermissions {"permissions":["firebase.projects.get","firebasehosting.sites.update"]}
[debug] [2023-02-03T13:38:26.012Z] >>> [apiv2][query] GET https://firebase.googleapis.com/v1beta1/projects/craft-connect-8e9d6 [none]
[debug] [2023-02-03T13:38:26.926Z] <<< [apiv2][status] GET https://firebase.googleapis.com/v1beta1/projects/craft-connect-8e9d6 200
[debug] [2023-02-03T13:38:26.926Z] <<< [apiv2][body] GET https://firebase.googleapis.com/v1beta1/projects/craft-connect-8e9d6 {"projectId":"craft-connect-8e9d6","projectNumber":"548600946482","displayName":"craft-connect","name":"projects/craft-connect-8e9d6","resources":{"hostingSite":"craft-connect-8e9d6","realtimeDatabaseInstance":"craft-connect-8e9d6-default-rtdb","storageBucket":"craft-connect-8e9d6.appspot.com","locationId":"us-central"},"state":"ACTIVE","etag":"1_39bbe819-13ef-4c3a-a20b-8e3238ade52f"}
[info] 
[info] === Deploying to 'craft-connect-8e9d6'...
[info] 
[info] i  deploying hosting 
[debug] [2023-02-03T13:38:26.935Z] >>> [apiv2][query] POST https://firebasehosting.googleapis.com/v1beta1/projects/-/sites/craft-connect-8e9d6/versions [none]
[debug] [2023-02-03T13:38:26.935Z] >>> [apiv2][body] POST https://firebasehosting.googleapis.com/v1beta1/projects/-/sites/craft-connect-8e9d6/versions {"status":"CREATED","labels":{"deployment-tool":"cli-firebase"}}
[debug] [2023-02-03T13:38:28.843Z] <<< [apiv2][status] POST https://firebasehosting.googleapis.com/v1beta1/projects/-/sites/craft-connect-8e9d6/versions 200
[debug] [2023-02-03T13:38:28.843Z] <<< [apiv2][body] POST https://firebasehosting.googleapis.com/v1beta1/projects/-/sites/craft-connect-8e9d6/versions {"name":"projects/548600946482/sites/craft-connect-8e9d6/versions/7482fe88b011a6ef","status":"CREATED","config":{},"labels":{"deployment-tool":"cli-firebase"}}
[info] i  hosting[craft-connect-8e9d6]: beginning deploy... 
[info] i  hosting[craft-connect-8e9d6]: found 46 files in build 
[debug] [2023-02-03T13:38:28.858Z] [hosting] uploading with 200 concurrency
[debug] [2023-02-03T13:38:30.420Z] [hosting] hash cache [YnVpbGQ] stored for 46 files
[debug] [2023-02-03T13:38:30.420Z] [hosting][hash queue][FINAL] {"max":1554,"min":8,"avg":64.69565217391305,"active":0,"complete":46,"success":46,"errored":0,"retried":0,"total":46,"elapsed":1560}
[debug] [2023-02-03T13:38:30.421Z] >>> [apiv2][query] POST https://firebasehosting.googleapis.com/v1beta1/projects/548600946482/sites/craft-connect-8e9d6/versions/7482fe88b011a6ef:populateFiles [none]
[debug] [2023-02-03T13:38:30.421Z] >>> [apiv2][body] POST https://firebasehosting.googleapis.com/v1beta1/projects/548600946482/sites/craft-connect-8e9d6/versions/7482fe88b011a6ef:populateFiles {"files":{"/logo192.png":"3ee59515172ee198f3be375979df15ac5345183e656720a381b8872b2a39dc8b\r","/logo512.png":"ee7e2f3fdb8209c4b6fd7bef6ba50d1b9dba30a25bb5c3126df057e1cb6f5331\r","/manifest.json":"5c997de1364b8be939319fa9209abd77f2caf7f8844999a9e2e9173f844e7840\r","/robots.txt":"b2090cf9761ef60aa06e4fab97679bd43dfa5e5df073701ead5879d7c68f1ec5\r","/asset-manifest.json":"16ba0a7b55b4158d1b687034d469a6cb7b50f6eb406eb936d5c7ec6fb453b650","/index.html":"3dbbe9ba41707974aa4001074afa6ff656baae69f29427b5a8882e2a8286bca3","/static/js/787.33800302.chunk.js":"1c4e49a91b2f71759ed1f24b291b2646c3c92f774538f397844f616025febdab","/static/js/main.5c4a8480.js.LICENSE.txt":"8d4f0bcc9e2fee4ce235679802ba6f7c6e5893d450f328a63fdea595050f73d4","/static/js/787.33800302.chunk.js.map":"fd687ff9a08e3a0e5017753f3f2c8b2054950e04af988b58e9e5c8435d969698","/favicon.ico":"ddc6098ddbc512a243d1fe86af71c1b8297ed34ad33c641373961f7ccc9b80e6","/static/media/Camera.b08992ab02be007aca2d4c26368dc0d9.svg":"fe67a6a2011e71df8df12ea8040d55741ade1989ad47f06e8b5e6cee6e4482c7","/static/media/logo.eac80b761ad4d6d3c6c0.png":"dd945904f86d872ec954fa76e5f5f9d78621df23bd3fb08bb21779feecebf83d","/static/media/Locations.3d0895e203c24581e273d594ba83dc98.svg":"2414cfc77e6097d6cba9a3a6d7afb3392d468c33710fddd34833966f1a9ea7ae","/static/media/revicons.57fd05d4ae650374c8de.ttf":"49809bf130fbd75ad49579b8c5a6faacb4eefed1e204218cc36be967a323404d","/static/media/smiley.e01515d6b9efba3dfb7c.gif":"87a0a75bb03bebbfe61eae4cc56a1a79e7bc3901f61cd8a55dfaa48649f04032","/static/media/TagFriends.405f1d13058bf5cd410bbe3666b49587.svg":"df35267453e91a15baee39afd5b39bde12739fa16ce0c457e5d8ad17bcec8401","/static/media/revicons.a77de540a38981833f9e.eot":"925e83bc136fe2400f219f5d816dae147a1cf2874e63584a129a660a50c659b7","/static/media/revicons.e8746a624ed098489406.woff":"90f3b7d6ec636d4e76f0829939a8c0e87626466431d6ef33c499d68fcd7f3bfa","/static/media/327271761_1333126427522949_1565944805079070089_n.eca9ffbdab073370e33b.jpg":"f58064ba99441ba09446f85096a21bd8142a882407d6f7da2b9cb8a6b245bbfb","/static/media/profile.a6a20490f77f596ed06e.jpg":"15a92cce9ad471663a73e82353645305c102e733db0edf477a5eb23912a1aa82","/static/media/last-phot15-large.e5e6ad0932609f80e635.webp":"2c9c75f9dd7590a21f64feb0688c2224bdf998a2f9b263d029fc1791e696bf7f","/static/media/last-phot13-large.db5b580e7ebb8a8b7ab2.webp":"b6ed8041aa8e21dc2133d1c54ffb89d6cb8ba4b83936977c9b7c937efc6caa8d","/static/css/main.41ddc032.css.map":"2ed7ce981a4bbfbf77b352ede7ddc671cd5c0eff04bd3cfb8c581a86b1469c91","/static/media/cover.69c915a8fd0bace981ec.jpg":"ee10b9a7c06f854d98c77e72bc4a9a17376c48c6710520084d153e044f61c9d0","/static/media/last-phot17-large.cf0ddcdd1a629e7c1a63.webp":"2f30e371a6117ed5fb4e9af32171283a32efb626a9b7799e68d42df50e68217e","/static/css/main.41ddc032.css":"42500d709704f35880395ce8e6519d493f018065dab71b0db49723b8b55512d7","/static/media/last-phot18-large.4fee8fd83f1c55c3c6af.webp":"fa1b26eb7c61f84f9a442ddf9673266971fbff36c4227d972f5b6eec10281047","/static/media/last-phot12-large.ec0b562545922e8e0139.webp":"2ce835c8a1bf9fb1462b05105bfd3d79ed2cb27f76f22ea50af6c9288a7c5464","/static/media/last-phot11-large.5db1689579786544b746.webp":"2ac5066f0e10728fe7c293b3ce674a60603d02e71c3ad20a96a328e53122f644","/static/media/last-phot14-large.f2f5117acaf768f60d09.webp":"ea1ef17c3f122aa366d8496f9eee4f8f82f53e4d3f3a4880e1343d2c0a6812e7","/static/media/page3.23989587fc0fa2448554.jpg":"7eb0b0260174e6cd319e58a30d2a6e509346853aa8e0c980f1253643524ae0bc","/static/media/photo-1503965830912-6d7b07921cd1.cfc07b213f7c5a37fb9c.avif":"0d7dd1c5cfbddc12f1e9bf256814fb9716b16cc3bc72adf5634b29bf2370fc3f","/static/media/hasan.f97aff525e430710d6f7.png":"00316d81bf2d72afc37ce08fa344ed0ddf7673284438a6388d282f1a030419fb","/static/media/cool.01ff9aff61c716aac85f.png":"fc08cb5d4241d00450774e05daa1a09e32ac4433c8425d23261d3166afeb835c","/static/media/group image6.cb033fd7bc88ea17bb2d.jpg":"7745b56f74f1bf1f15b0c16ee306f621719b3ebe04f4c7a062c37fb6258294fe","/static/media/maruf.27dab560da2153daebc0.png":"a0a1163de981159b70288a9ce2b0242952f1cac52b79e9fe3a03f4ea519aa1d2","/static/media/jinnahPagePic3.f85f4af69a3f04c9ef3e.jpg":"2d85437fbc115ade6391c9fd62d63ec1cbf73901561984fa66688deab37cb0be","/static/media/group image4.c9b45874690dbb39f1e4.jpg":"18ee88d7c5cd62b905315238538ee766ef74768d020804e7d6e500d9a4510b46","/static/media/group image3.1dc6a443ce38cded5654.jpg":"06ece678542652f3d07e0f62134d07cab3215fe0913f70e6d40db19b75aaac2a","/static/media/group image1.c22414364e99c1fd6488.jpg":"820b91ca0c98a2c3e16aad27b2e0a6500b34604a2de74c6583fa8a4e054ef89b","/static/media/group image2.d5569815649c814d988b.jpg":"615d7e5e6579a9a6f3854777d1f4dc0a2947ec5a93f85392c86c31e6371a190f","/static/media/group image7.10862ffbcc35030db22a.jpg":"5eddb1a8b712bcf18adad1ee674480804472372ce9ac4dc45e5e80b80a3b9a8f","/static/media/group image5.7aba1ec1eae42b643726.jpg":"ba46064ec5ce523d30ab8c7e2ae811601999650ede0b6e5e84a3935cd5e8fed0","/static/js/main.5c4a8480.js":"b3ce655890a2e929ea0d74089deafe59c6100a464dbcc871c0a59a8cc4c30307","/static/media/handicraft1.dd5b2b6cde1b13f93f2e.jpg":"19c9afe767bcc9bedb2a20d48c70b89afe98575c221eb9f60ceffa86d838b265","/static/js/main.5c4a8480.js.map":"cd3f60f3271d00c1c264282fb2138a980f8168b7e2a235affed230ee17f212dc"}}
[debug] [2023-02-03T13:38:31.948Z] <<< [apiv2][status] POST https://firebasehosting.googleapis.com/v1beta1/projects/548600946482/sites/craft-connect-8e9d6/versions/7482fe88b011a6ef:populateFiles 200
[debug] [2023-02-03T13:38:31.948Z] <<< [apiv2][body] POST https://firebasehosting.googleapis.com/v1beta1/projects/548600946482/sites/craft-connect-8e9d6/versions/7482fe88b011a6ef:populateFiles {"uploadRequiredHashes":["b3ce655890a2e929ea0d74089deafe59c6100a464dbcc871c0a59a8cc4c30307","2ed7ce981a4bbfbf77b352ede7ddc671cd5c0eff04bd3cfb8c581a86b1469c91","cd3f60f3271d00c1c264282fb2138a980f8168b7e2a235affed230ee17f212dc","16ba0a7b55b4158d1b687034d469a6cb7b50f6eb406eb936d5c7ec6fb453b650","3dbbe9ba41707974aa4001074afa6ff656baae69f29427b5a8882e2a8286bca3","42500d709704f35880395ce8e6519d493f018065dab71b0db49723b8b55512d7"],"uploadUrl":"https://upload-firebasehosting.googleapis.com/upload/sites/craft-connect-8e9d6/versions/7482fe88b011a6ef/files"}
[debug] [2023-02-03T13:38:31.950Z] >>> [apiv2][query] POST https://upload-firebasehosting.googleapis.com/upload/sites/craft-connect-8e9d6/versions/7482fe88b011a6ef/files/b3ce655890a2e929ea0d74089deafe59c6100a464dbcc871c0a59a8cc4c30307 [none]
[debug] [2023-02-03T13:38:31.950Z] >>> [apiv2][body] POST https://upload-firebasehosting.googleapis.com/upload/sites/craft-connect-8e9d6/versions/7482fe88b011a6ef/files/b3ce655890a2e929ea0d74089deafe59c6100a464dbcc871c0a59a8cc4c30307 [stream]
[debug] [2023-02-03T13:38:31.951Z] >>> [apiv2][query] POST https://upload-firebasehosting.googleapis.com/upload/sites/craft-connect-8e9d6/versions/7482fe88b011a6ef/files/2ed7ce981a4bbfbf77b352ede7ddc671cd5c0eff04bd3cfb8c581a86b1469c91 [none]
[debug] [2023-02-03T13:38:31.951Z] >>> [apiv2][body] POST https://upload-firebasehosting.googleapis.com/upload/sites/craft-connect-8e9d6/versions/7482fe88b011a6ef/files/2ed7ce981a4bbfbf77b352ede7ddc671cd5c0eff04bd3cfb8c581a86b1469c91 [stream]
[debug] [2023-02-03T13:38:31.952Z] >>> [apiv2][query] POST https://upload-firebasehosting.googleapis.com/upload/sites/craft-connect-8e9d6/versions/7482fe88b011a6ef/files/cd3f60f3271d00c1c264282fb2138a980f8168b7e2a235affed230ee17f212dc [none]
[debug] [2023-02-03T13:38:31.952Z] >>> [apiv2][body] POST https://upload-firebasehosting.googleapis.com/upload/sites/craft-connect-8e9d6/versions/7482fe88b011a6ef/files/cd3f60f3271d00c1c264282fb2138a980f8168b7e2a235affed230ee17f212dc [stream]
[debug] [2023-02-03T13:38:31.953Z] >>> [apiv2][query] POST https://upload-firebasehosting.googleapis.com/upload/sites/craft-connect-8e9d6/versions/7482fe88b011a6ef/files/16ba0a7b55b4158d1b687034d469a6cb7b50f6eb406eb936d5c7ec6fb453b650 [none]
[debug] [2023-02-03T13:38:31.953Z] >>> [apiv2][body] POST https://upload-firebasehosting.googleapis.com/upload/sites/craft-connect-8e9d6/versions/7482fe88b011a6ef/files/16ba0a7b55b4158d1b687034d469a6cb7b50f6eb406eb936d5c7ec6fb453b650 [stream]
[debug] [2023-02-03T13:38:31.954Z] >>> [apiv2][query] POST https://upload-firebasehosting.googleapis.com/upload/sites/craft-connect-8e9d6/versions/7482fe88b011a6ef/files/3dbbe9ba41707974aa4001074afa6ff656baae69f29427b5a8882e2a8286bca3 [none]
[debug] [2023-02-03T13:38:31.954Z] >>> [apiv2][body] POST https://upload-firebasehosting.googleapis.com/upload/sites/craft-connect-8e9d6/versions/7482fe88b011a6ef/files/3dbbe9ba41707974aa4001074afa6ff656baae69f29427b5a8882e2a8286bca3 [stream]
[debug] [2023-02-03T13:38:31.955Z] >>> [apiv2][query] POST https://upload-firebasehosting.googleapis.com/upload/sites/craft-connect-8e9d6/versions/7482fe88b011a6ef/files/42500d709704f35880395ce8e6519d493f018065dab71b0db49723b8b55512d7 [none]
[debug] [2023-02-03T13:38:31.955Z] >>> [apiv2][body] POST https://upload-firebasehosting.googleapis.com/upload/sites/craft-connect-8e9d6/versions/7482fe88b011a6ef/files/42500d709704f35880395ce8e6519d493f018065dab71b0db49723b8b55512d7 [stream]
[debug] [2023-02-03T13:38:31.956Z] [hosting][populate queue][FINAL] {"max":1530,"min":1530,"avg":1530,"active":0,"complete":1,"success":1,"errored":0,"retried":0,"total":1,"elapsed":1537}
[debug] [2023-02-03T13:38:31.956Z] [hosting] uploads queued: 6
[debug] [2023-02-03T13:38:34.016Z] <<< [apiv2][status] POST https://upload-firebasehosting.googleapis.com/upload/sites/craft-connect-8e9d6/versions/7482fe88b011a6ef/files/16ba0a7b55b4158d1b687034d469a6cb7b50f6eb406eb936d5c7ec6fb453b650 200
[debug] [2023-02-03T13:38:34.016Z] <<< [apiv2][body] POST https://upload-firebasehosting.googleapis.com/upload/sites/craft-connect-8e9d6/versions/7482fe88b011a6ef/files/16ba0a7b55b4158d1b687034d469a6cb7b50f6eb406eb936d5c7ec6fb453b650 [stream]
[debug] [2023-02-03T13:38:34.049Z] <<< [apiv2][status] POST https://upload-firebasehosting.googleapis.com/upload/sites/craft-connect-8e9d6/versions/7482fe88b011a6ef/files/3dbbe9ba41707974aa4001074afa6ff656baae69f29427b5a8882e2a8286bca3 200
[debug] [2023-02-03T13:38:34.049Z] <<< [apiv2][body] POST https://upload-firebasehosting.googleapis.com/upload/sites/craft-connect-8e9d6/versions/7482fe88b011a6ef/files/3dbbe9ba41707974aa4001074afa6ff656baae69f29427b5a8882e2a8286bca3 [stream]
[debug] [2023-02-03T13:38:34.116Z] <<< [apiv2][status] POST https://upload-firebasehosting.googleapis.com/upload/sites/craft-connect-8e9d6/versions/7482fe88b011a6ef/files/42500d709704f35880395ce8e6519d493f018065dab71b0db49723b8b55512d7 200
[debug] [2023-02-03T13:38:34.116Z] <<< [apiv2][body] POST https://upload-firebasehosting.googleapis.com/upload/sites/craft-connect-8e9d6/versions/7482fe88b011a6ef/files/42500d709704f35880395ce8e6519d493f018065dab71b0db49723b8b55512d7 [stream]
[debug] [2023-02-03T13:38:34.877Z] <<< [apiv2][status] POST https://upload-firebasehosting.googleapis.com/upload/sites/craft-connect-8e9d6/versions/7482fe88b011a6ef/files/b3ce655890a2e929ea0d74089deafe59c6100a464dbcc871c0a59a8cc4c30307 200
[debug] [2023-02-03T13:38:34.877Z] <<< [apiv2][body] POST https://upload-firebasehosting.googleapis.com/upload/sites/craft-connect-8e9d6/versions/7482fe88b011a6ef/files/b3ce655890a2e929ea0d74089deafe59c6100a464dbcc871c0a59a8cc4c30307 [stream]
[debug] [2023-02-03T13:38:35.602Z] <<< [apiv2][status] POST https://upload-firebasehosting.googleapis.com/upload/sites/craft-connect-8e9d6/versions/7482fe88b011a6ef/files/2ed7ce981a4bbfbf77b352ede7ddc671cd5c0eff04bd3cfb8c581a86b1469c91 200
[debug] [2023-02-03T13:38:35.602Z] <<< [apiv2][body] POST https://upload-firebasehosting.googleapis.com/upload/sites/craft-connect-8e9d6/versions/7482fe88b011a6ef/files/2ed7ce981a4bbfbf77b352ede7ddc671cd5c0eff04bd3cfb8c581a86b1469c91 [stream]
[debug] [2023-02-03T13:39:05.831Z] <<< [apiv2][status] POST https://upload-firebasehosting.googleapis.com/upload/sites/craft-connect-8e9d6/versions/7482fe88b011a6ef/files/cd3f60f3271d00c1c264282fb2138a980f8168b7e2a235affed230ee17f212dc 200
[debug] [2023-02-03T13:39:05.831Z] <<< [apiv2][body] POST https://upload-firebasehosting.googleapis.com/upload/sites/craft-connect-8e9d6/versions/7482fe88b011a6ef/files/cd3f60f3271d00c1c264282fb2138a980f8168b7e2a235affed230ee17f212dc [stream]
[debug] [2023-02-03T13:39:05.831Z] [hosting][upload queue][FINAL] {"max":33882,"min":2067,"avg":7799.833333333333,"active":0,"complete":6,"success":6,"errored":0,"retried":0,"total":6,"elapsed":33883}
[info] +  hosting[craft-connect-8e9d6]: file upload complete 
[debug] [2023-02-03T13:39:05.833Z] [hosting] deploy completed after 36989ms
[debug] [2023-02-03T13:39:05.837Z] [
  {
    "config": {
      "public": "build",
      "ignore": [
        "firebase.json",
        "**/.*",
        "**/node_modules/**"
      ],
      "rewrites": [
        {
          "source": "**",
          "destination": "/index.html"
        }
      ],
      "site": "craft-connect-8e9d6"
    },
    "version": "projects/548600946482/sites/craft-connect-8e9d6/versions/7482fe88b011a6ef"
  }
]
[info] i  hosting[craft-connect-8e9d6]: finalizing version... 
[debug] [2023-02-03T13:39:05.841Z] >>> [apiv2][query] PATCH https://firebasehosting.googleapis.com/v1beta1/projects/-/sites/craft-connect-8e9d6/versions/7482fe88b011a6ef updateMask=status%2Cconfig
[debug] [2023-02-03T13:39:05.841Z] >>> [apiv2][body] PATCH https://firebasehosting.googleapis.com/v1beta1/projects/-/sites/craft-connect-8e9d6/versions/7482fe88b011a6ef {"status":"FINALIZED","config":{"rewrites":[{"glob":"**","path":"/index.html"}]}}
[debug] [2023-02-03T13:39:07.341Z] <<< [apiv2][status] PATCH https://firebasehosting.googleapis.com/v1beta1/projects/-/sites/craft-connect-8e9d6/versions/7482fe88b011a6ef 200
[debug] [2023-02-03T13:39:07.341Z] <<< [apiv2][body] PATCH https://firebasehosting.googleapis.com/v1beta1/projects/-/sites/craft-connect-8e9d6/versions/7482fe88b011a6ef {"name":"projects/548600946482/sites/craft-connect-8e9d6/versions/7482fe88b011a6ef","status":"FINALIZED","config":{"rewrites":[{"glob":"**","path":"/index.html"}]},"labels":{"deployment-tool":"cli-firebase"},"createTime":"2023-02-03T13:38:39.711859Z","createUser":{"email":"farhanchowdhury1999@gmail.com"},"finalizeTime":"2023-02-03T13:39:18.610105Z","finalizeUser":{"email":"farhanchowdhury1999@gmail.com"}}
[debug] [2023-02-03T13:39:07.342Z] [hosting] finalized version for craft-connect-8e9d6:[object Object]
[info] +  hosting[craft-connect-8e9d6]: version finalized 
[info] i  hosting[craft-connect-8e9d6]: releasing new version... 
[debug] [2023-02-03T13:39:07.343Z] >>> [apiv2][query] POST https://firebasehosting.googleapis.com/v1beta1/projects/-/sites/craft-connect-8e9d6/channels/live/releases versionName=projects%2F548600946482%2Fsites%2Fcraft-connect-8e9d6%2Fversions%2F7482fe88b011a6ef
[debug] [2023-02-03T13:39:07.343Z] >>> [apiv2][body] POST https://firebasehosting.googleapis.com/v1beta1/projects/-/sites/craft-connect-8e9d6/channels/live/releases {}
[debug] [2023-02-03T13:39:08.950Z] <<< [apiv2][status] POST https://firebasehosting.googleapis.com/v1beta1/projects/-/sites/craft-connect-8e9d6/channels/live/releases 200
[debug] [2023-02-03T13:39:08.950Z] <<< [apiv2][body] POST https://firebasehosting.googleapis.com/v1beta1/projects/-/sites/craft-connect-8e9d6/channels/live/releases {"name":"projects/548600946482/sites/craft-connect-8e9d6/channels/live/releases/1675431559569000","version":{"name":"projects/548600946482/sites/craft-connect-8e9d6/versions/7482fe88b011a6ef","status":"FINALIZED","config":{"rewrites":[{"glob":"**","path":"/index.html"}]},"labels":{"deployment-tool":"cli-firebase"},"createTime":"2023-02-03T13:38:39.711859Z","createUser":{"email":"farhanchowdhury1999@gmail.com","imageUrl":"https://lh3.googleusercontent.com/a/AEdFTp7F_KTt8lHj_anaeM6SdmJFNRIlQXbIyTl9HHOF"},"finalizeTime":"2023-02-03T13:39:18.610105Z","finalizeUser":{"email":"farhanchowdhury1999@gmail.com","imageUrl":"https://lh3.googleusercontent.com/a/AEdFTp7F_KTt8lHj_anaeM6SdmJFNRIlQXbIyTl9HHOF"}},"type":"DEPLOY","releaseTime":"2023-02-03T13:39:19.569Z","releaseUser":{"email":"farhanchowdhury1999@gmail.com","imageUrl":"https://lh3.googleusercontent.com/a/AEdFTp7F_KTt8lHj_anaeM6SdmJFNRIlQXbIyTl9HHOF"}}
[debug] [2023-02-03T13:39:08.950Z] [hosting] release: {"name":"projects/548600946482/sites/craft-connect-8e9d6/channels/live/releases/1675431559569000","version":{"name":"projects/548600946482/sites/craft-connect-8e9d6/versions/7482fe88b011a6ef","status":"FINALIZED","config":{"rewrites":[{"glob":"**","path":"/index.html"}]},"labels":{"deployment-tool":"cli-firebase"},"createTime":"2023-02-03T13:38:39.711859Z","createUser":{"email":"farhanchowdhury1999@gmail.com","imageUrl":"https://lh3.googleusercontent.com/a/AEdFTp7F_KTt8lHj_anaeM6SdmJFNRIlQXbIyTl9HHOF"},"finalizeTime":"2023-02-03T13:39:18.610105Z","finalizeUser":{"email":"farhanchowdhury1999@gmail.com","imageUrl":"https://lh3.googleusercontent.com/a/AEdFTp7F_KTt8lHj_anaeM6SdmJFNRIlQXbIyTl9HHOF"}},"type":"DEPLOY","releaseTime":"2023-02-03T13:39:19.569Z","releaseUser":{"email":"farhanchowdhury1999@gmail.com","imageUrl":"https://lh3.googleusercontent.com/a/AEdFTp7F_KTt8lHj_anaeM6SdmJFNRIlQXbIyTl9HHOF"}}
[info] +  hosting[craft-connect-8e9d6]: release complete 
